<?xml version="1.0" encoding="UTF-8"?>
<!-- Generated by org.testng.reporters.JUnitReportReporter -->
<testsuite hostname="DESKTOP-5MBAALU" failures="0" tests="3" name="com.cognizant.googleAutomate.AutomatingGoogle2" time="0.010" errors="0" timestamp="2020-11-13T11:26:47 IST" skipped="0">
  <testcase classname="com.cognizant.googleAutomate.AutomatingGoogle2" name="cleanUp" time="0.008"/>
  <system-out/>
  <testcase classname="com.cognizant.googleAutomate.AutomatingGoogle2" name="test" time="0.001"/>
  <system-out/>
  <testcase classname="com.cognizant.googleAutomate.AutomatingGoogle2" name="setUp" time="0.001"/>
  <system-out/>
</testsuite> <!-- com.cognizant.googleAutomate.AutomatingGoogle2 -->
