<?xml version="1.0" encoding="UTF-8"?>
<!-- Generated by org.testng.reporters.JUnitReportReporter -->
<testsuite hostname="DESKTOP-5MBAALU" failures="0" tests="2" name="com.cognizant.googleAutomate.AutomatingGoogle" time="35.259" errors="0" timestamp="2020-11-13T11:26:47 IST" skipped="0">
  <testcase classname="com.cognizant.googleAutomate.AutomatingGoogle" name="setUp" time="7.376"/>
  <system-out/>
  <testcase classname="com.cognizant.googleAutomate.AutomatingGoogle" name="test" time="27.883"/>
  <system-out/>
</testsuite> <!-- com.cognizant.googleAutomate.AutomatingGoogle -->
